  PasechnikovaAF_03_09.cpp
C:\Program Files\Microsoft Visual Studio\2022\Community\VC\Tools\MSVC\14.39.33519\include\xutility(1382,19): error C3889: вызов объекта типа класса "std::less<void>": не найден соответствующий оператор вызова
  (компиляция исходного файла "PasechnikovaAF_03_09.cpp")
  C:\Program Files\Microsoft Visual Studio\2022\Community\VC\Tools\MSVC\14.39.33519\include\type_traits(2447,31):
  может быть "unknown-type std::less<void>::operator ()(_Ty1 &&,_Ty2 &&) noexcept(<expr>) const"
  	C:\Program Files\Microsoft Visual Studio\2022\Community\VC\Tools\MSVC\14.39.33519\include\xutility(1382,19):
  	Сбой при специализации функции-шаблона "unknown-type std::less<void>::operator ()(_Ty1 &&,_Ty2 &&) noexcept(<expr>) const"
  		C:\Program Files\Microsoft Visual Studio\2022\Community\VC\Tools\MSVC\14.39.33519\include\xutility(1382,19):
  		Со следующими аргументами шаблона:
  			C:\Program Files\Microsoft Visual Studio\2022\Community\VC\Tools\MSVC\14.39.33519\include\xutility(1382,19):
  			"_Ty1=_Value_type &"
  			C:\Program Files\Microsoft Visual Studio\2022\Community\VC\Tools\MSVC\14.39.33519\include\xutility(1382,19):
  			"_Ty2=_Value_type &"
  		C:\Program Files\Microsoft Visual Studio\2022\Community\VC\Tools\MSVC\14.39.33519\include\type_traits(2449,48):
  		бинарный "<": "_Value_type" не определяет этот оператор или преобразование к типу приемлемо к встроенному оператору
          with
          [
              _Value_type=Planet
          ]
  			C:\Program Files\Microsoft Visual Studio\2022\Community\VC\Tools\MSVC\14.39.33519\include\list(1895,17):
  			может быть "bool std::operator <(const std::list<_Ty,_Alloc> &,const std::list<_Ty,_Alloc> &)"
  			C:\Program Files\Microsoft Visual Studio\2022\Community\VC\Tools\MSVC\14.39.33519\include\memory(3546,30):
  			или       "bool std::operator <(std::nullptr_t,const std::unique_ptr<_Ty,_Dx> &)"
  			C:\Program Files\Microsoft Visual Studio\2022\Community\VC\Tools\MSVC\14.39.33519\include\memory(3540,30):
  			или       "bool std::operator <(const std::unique_ptr<_Ty,_Dx> &,std::nullptr_t)"
  			C:\Program Files\Microsoft Visual Studio\2022\Community\VC\Tools\MSVC\14.39.33519\include\memory(3482,17):
  			или       "bool std::operator <(const std::unique_ptr<_Ty,_Dx> &,const std::unique_ptr<_Ty2,_Dx2> &)"
  			C:\Program Files\Microsoft Visual Studio\2022\Community\VC\Tools\MSVC\14.39.33519\include\memory(1910,17):
  			или       "bool std::operator <(std::nullptr_t,const std::shared_ptr<_Ty> &) noexcept"
  			C:\Program Files\Microsoft Visual Studio\2022\Community\VC\Tools\MSVC\14.39.33519\include\memory(1905,17):
  			или       "bool std::operator <(const std::shared_ptr<_Ty> &,std::nullptr_t) noexcept"
  			C:\Program Files\Microsoft Visual Studio\2022\Community\VC\Tools\MSVC\14.39.33519\include\memory(1858,17):
  			или       "bool std::operator <(const std::shared_ptr<_Ty> &,const std::shared_ptr<_Ty0> &) noexcept"
  			C:\Program Files\Microsoft Visual Studio\2022\Community\VC\Tools\MSVC\14.39.33519\include\xstring(5102,17):
  			или       "bool std::operator <(const std::basic_string<_Elem,_Traits,_Alloc> &,const _Elem *const ) noexcept"
  			C:\Program Files\Microsoft Visual Studio\2022\Community\VC\Tools\MSVC\14.39.33519\include\xstring(5096,17):
  			или       "bool std::operator <(const _Elem *const ,const std::basic_string<_Elem,_Traits,_Alloc> &) noexcept"
  			C:\Program Files\Microsoft Visual Studio\2022\Community\VC\Tools\MSVC\14.39.33519\include\xstring(5090,17):
  			или       "bool std::operator <(const std::basic_string<_Elem,_Traits,_Alloc> &,const std::basic_string<_Elem,_Traits,_Alloc> &) noexcept"
  			C:\Program Files\Microsoft Visual Studio\2022\Community\VC\Tools\MSVC\14.39.33519\include\xutility(4251,5):
  			или       "bool std::operator <(const std::move_iterator<_Iter> &,const std::move_iterator<_Iter2> &) noexcept(<expr>)"
  			C:\Program Files\Microsoft Visual Studio\2022\Community\VC\Tools\MSVC\14.39.33519\include\xutility(1716,5):
  			или       "bool std::operator <(const std::reverse_iterator<_BidIt> &,const std::reverse_iterator<_BidIt2> &) noexcept(<expr>)"
  			C:\Program Files\Microsoft Visual Studio\2022\Community\VC\Tools\MSVC\14.39.33519\include\utility(513,27):
  			или       "bool std::operator <(const std::pair<_Ty1,_Ty2> &,const std::pair<_Uty1,_Uty2> &)"
  C:\Program Files\Microsoft Visual Studio\2022\Community\VC\Tools\MSVC\14.39.33519\include\xutility(1382,19):
  контекст создания экземпляра шаблона (сначала самый старый)
  	C:\Users\st310-05\Desktop\PasechnikovaAF_03_09\PasechnikovaAF_03_09.cpp(39,18):
  	выполняется компиляция ссылки на экземпляр класс шаблон функции "std::list<Planet,std::allocator<Planet>>"
  	C:\Program Files\Microsoft Visual Studio\2022\Community\VC\Tools\MSVC\14.39.33519\include\list(1769,10):
  	во время компиляции функции-члена класс шаблон "void std::list<Planet,std::allocator<Planet>>::sort(void)"
  		C:\Users\st310-05\Desktop\PasechnikovaAF_03_09\PasechnikovaAF_03_09.cpp(54,45):
  		см. первую ссылку на "std::list<Planet,std::allocator<Planet>>::sort" в "main"
  	C:\Program Files\Microsoft Visual Studio\2022\Community\VC\Tools\MSVC\14.39.33519\include\list(1770,9):
  	выполняется компиляция ссылки на экземпляр шаблон функции "void std::list<Planet,std::allocator<Planet>>::sort<std::less<void>>(_Pr2)"
          with
          [
              _Pr2=std::less<void>
          ]
  	C:\Program Files\Microsoft Visual Studio\2022\Community\VC\Tools\MSVC\14.39.33519\include\list(1776,21):
  	выполняется компиляция ссылки на экземпляр шаблон функции "std::_List_node<_Ty,std::_Default_allocator_traits<_Alloc>::void_pointer> *std::_List_val<std::_List_simple_types<_Ty>>::_Sort<_Fn>(std::_List_node<_Ty,std::_Default_allocator_traits<_Alloc>::void_pointer> *&,const unsigned __int64,_Pr2)"
          with
          [
              _Ty=Planet,
              _Alloc=std::allocator<Planet>,
              _Fn=std::less<void>,
              _Pr2=std::less<void>
          ]
  	C:\Program Files\Microsoft Visual Studio\2022\Community\VC\Tools\MSVC\14.39.33519\include\list(569,28):
  	выполняется компиляция ссылки на экземпляр шаблон функции "std::_List_node<_Ty,std::_Default_allocator_traits<_Alloc>::void_pointer> *std::_List_val<std::_List_simple_types<_Ty>>::_Merge_same<_Pr2>(std::_List_node<_Ty,std::_Default_allocator_traits<_Alloc>::void_pointer> *,std::_List_node<_Ty,std::_Default_allocator_traits<_Alloc>::void_pointer> *,std::_List_node<_Ty,std::_Default_allocator_traits<_Alloc>::void_pointer> *const ,_Pr2)"
          with
          [
              _Ty=Planet,
              _Alloc=std::allocator<Planet>,
              _Pr2=std::less<void>
          ]
  	C:\Program Files\Microsoft Visual Studio\2022\Community\VC\Tools\MSVC\14.39.33519\include\list(517,13):
  	выполняется компиляция ссылки на экземпляр шаблон функции "bool std::_Debug_lt_pred<_Pr2&,_Value_type&,_Value_type&,0>(_Pr,_Ty1,_Ty2) noexcept(<expr>)"
          with
          [
              _Pr2=std::less<void>,
              _Value_type=Planet,
              _Pr=std::less<void> &,
              _Ty1=Planet &,
              _Ty2=Planet &
          ]
  
